0 info it worked if it ends with ok
1 verbose cli [ 'C:\\Program Files\\nodejs\\node.exe',
1 verbose cli   'C:\\Users\\alex\\AppData\\Roaming\\npm\\node_modules\\npm\\bin\\npm-cli.js',
1 verbose cli   'run',
1 verbose cli   'build' ]
2 info using npm@3.3.6
3 info using node@v5.1.0
4 verbose run-script [ 'prebuild', 'build', 'postbuild' ]
5 info lifecycle ae_api@0.0.0~prebuild: ae_api@0.0.0
6 silly lifecycle ae_api@0.0.0~prebuild: no script for prebuild, continuing
7 info lifecycle ae_api@0.0.0~build: ae_api@0.0.0
8 verbose lifecycle ae_api@0.0.0~build: unsafe-perm in lifecycle true
9 verbose lifecycle ae_api@0.0.0~build: PATH: C:\Users\alex\AppData\Roaming\npm\node_modules\npm\bin\node-gyp-bin;C:\Users\alex\ae_api\node_modules\.bin;C:\ProgramData\Oracle\Java\javapath;C:\Program Files (x86)\AMD APP\bin\x86_64;C:\Program Files (x86)\AMD APP\bin\x86;C:\Program Files (x86)\ATI Stream\bin\x86_64;C:\Program Files (x86)\ATI Stream\bin\x86;C:\WINDOWS\system32;C:\WINDOWS;C:\WINDOWS\System32\Wbem;C:\WINDOWS\System32\WindowsPowerShell\v1.0\;C:\Program Files (x86)\ATI Technologies\ATI.ACE\Core-Static;C:\Program Files (x86)\Common Files\Acronis\SnapAPI\;C:\Program Files (x86)\Microsoft SDKs\Windows Azure\CLI\wbin;C:\Program Files (x86)\Gow\bin;C:\Program Files (x86)\Git\cmd;C:\Program Files (x86)\Android\android-sdk-windows\platform-tools;C:\Program Files (x86)\Android\android-sdk-windows\tools;%ANT_HOME%\bin;C:\Program Files\Java\jdk1.7.0_21;C:\Program Files\Java\jdk1.7.0_21\bin;C:\Program Files (x86)\apache-ant-1.9.1\bin;C:\Program Files\synedra\ViewPersonal;C:\Program Files\Microsoft SQL Server\110\Tools\Binn\;C:\Program Files (x86)\MySQL\MySQL Utilities\;C:\Program Files (x86)\MySQL\MySQL Utilities\Doctrine extensions for PHP\;C:\Program Files (x86)\NVIDIA Corporation\PhysX\Common;C:\Program Files\cURL\bin;C:\WINDOWS\system32;C:\WINDOWS;C:\WINDOWS\System32\Wbem;C:\WINDOWS\System32\WindowsPowerShell\v1.0\;C:\Program Files\nodejs\;C:\Program Files (x86)\Couchapp;C:\Program Files\phantomjs;C:\Program Files\casperjs\batchbin;C:\Python27;C:\Users\alex\AppData\Roaming\npm
10 verbose lifecycle ae_api@0.0.0~build: CWD: C:\Users\alex\ae_api
11 silly lifecycle ae_api@0.0.0~build: Args: [ '/d /s /c', 'gulp bildCouchapp' ]
12 silly lifecycle ae_api@0.0.0~build: Returned: code: 1  signal: null
13 info lifecycle ae_api@0.0.0~build: Failed to exec build script
14 verbose stack Error: ae_api@0.0.0 build: `gulp bildCouchapp`
14 verbose stack Exit status 1
14 verbose stack     at EventEmitter.<anonymous> (C:\Users\alex\AppData\Roaming\npm\node_modules\npm\lib\utils\lifecycle.js:233:16)
14 verbose stack     at emitTwo (events.js:87:13)
14 verbose stack     at EventEmitter.emit (events.js:172:7)
14 verbose stack     at ChildProcess.<anonymous> (C:\Users\alex\AppData\Roaming\npm\node_modules\npm\lib\utils\spawn.js:24:14)
14 verbose stack     at emitTwo (events.js:87:13)
14 verbose stack     at ChildProcess.emit (events.js:172:7)
14 verbose stack     at maybeClose (internal/child_process.js:818:16)
14 verbose stack     at Process.ChildProcess._handle.onexit (internal/child_process.js:211:5)
15 verbose pkgid ae_api@0.0.0
16 verbose cwd C:\Users\alex\ae_api
17 error Windows_NT 10.0.10240
18 error argv "C:\\Program Files\\nodejs\\node.exe" "C:\\Users\\alex\\AppData\\Roaming\\npm\\node_modules\\npm\\bin\\npm-cli.js" "run" "build"
19 error node v5.1.0
20 error npm  v3.3.6
21 error code ELIFECYCLE
22 error ae_api@0.0.0 build: `gulp bildCouchapp`
22 error Exit status 1
23 error Failed at the ae_api@0.0.0 build script 'gulp bildCouchapp'.
23 error This is most likely a problem with the ae_api package,
23 error not with npm itself.
23 error Tell the author that this fails on your system:
23 error     gulp bildCouchapp
23 error You can get their info via:
23 error     npm owner ls ae_api
23 error There is likely additional logging output above.
24 verbose exit [ 1, true ]
